-----------------------------------------------------------------------------------------------------------------------------------------------------------------------------
      name:  <unnamed>
       log:  C:\git_projects\GISD\Korrelation_Ausgangsdaten\GISD.log
  log type:  text
 opened on:  25 Feb 2022, 13:19:06

. corr GISD_2018 GISD_2019 GISD_2020 GISD_2021_v2 GISD_2022
(obs=182,053)

             | GIS~2018 GIS~2019 GIS~2020 GISD_~v2 GIS~2022
-------------+---------------------------------------------
   GISD_2018 |   1.0000
   GISD_2019 |   0.6446   1.0000
   GISD_2020 |   0.6396   0.9878   1.0000
GISD_2021_v2 |   0.8286   0.9247   0.9228   1.0000
   GISD_2022 |   0.9661   0.5566   0.5502   0.7946   1.0000


. 
. corr GISD_2018 GISD_2019 GISD_2020 GISD_2021_v2 GISD_2022 if Jahr == 2014
(obs=10,709)

             | GIS~2018 GIS~2019 GIS~2020 GISD_~v2 GIS~2022
-------------+---------------------------------------------
   GISD_2018 |   1.0000
   GISD_2019 |   0.9666   1.0000
   GISD_2020 |   0.9298   0.9720   1.0000
GISD_2021_v2 |   0.9870   0.9542   0.9229   1.0000
   GISD_2022 |   0.9697   0.9436   0.9253   0.9921   1.0000


. 
. bysort Jahr: corr GISD_2018 GISD_2019 GISD_2020 GISD_2021_v2 GISD_2022

-----------------------------------------------------------------------------------------------------------------------------------------------------------------------------
-> Jahr = 1998
(obs=10,709)

             | GIS~2018 GIS~2019 GIS~2020 GISD_~v2 GIS~2022
-------------+---------------------------------------------
   GISD_2018 |   1.0000
   GISD_2019 |   0.9751   1.0000
   GISD_2020 |   0.9794   0.9811   1.0000
GISD_2021_v2 |   0.9639   0.9596   0.9624   1.0000
   GISD_2022 |   0.9428   0.9480   0.9418   0.9883   1.0000


-----------------------------------------------------------------------------------------------------------------------------------------------------------------------------
-> Jahr = 1999
(obs=10,709)

             | GIS~2018 GIS~2019 GIS~2020 GISD_~v2 GIS~2022
-------------+---------------------------------------------
   GISD_2018 |   1.0000
   GISD_2019 |   0.9762   1.0000
   GISD_2020 |   0.9806   0.9820   1.0000
GISD_2021_v2 |   0.9701   0.9596   0.9640   1.0000
   GISD_2022 |   0.9525   0.9507   0.9463   0.9898   1.0000


-----------------------------------------------------------------------------------------------------------------------------------------------------------------------------
-> Jahr = 2000
(obs=10,709)

             | GIS~2018 GIS~2019 GIS~2020 GISD_~v2 GIS~2022
-------------+---------------------------------------------
   GISD_2018 |   1.0000
   GISD_2019 |   0.9810   1.0000
   GISD_2020 |   0.9818   0.9848   1.0000
GISD_2021_v2 |   0.9736   0.9631   0.9664   1.0000
   GISD_2022 |   0.9596   0.9539   0.9517   0.9931   1.0000


-----------------------------------------------------------------------------------------------------------------------------------------------------------------------------
-> Jahr = 2001
(obs=10,709)

             | GIS~2018 GIS~2019 GIS~2020 GISD_~v2 GIS~2022
-------------+---------------------------------------------
   GISD_2018 |   1.0000
   GISD_2019 |   0.9809   1.0000
   GISD_2020 |   0.9845   0.9833   1.0000
GISD_2021_v2 |   0.9784   0.9689   0.9666   1.0000
   GISD_2022 |   0.9750   0.9603   0.9603   0.9981   1.0000


-----------------------------------------------------------------------------------------------------------------------------------------------------------------------------
-> Jahr = 2002
(obs=10,709)

             | GIS~2018 GIS~2019 GIS~2020 GISD_~v2 GIS~2022
-------------+---------------------------------------------
   GISD_2018 |   1.0000
   GISD_2019 |   0.9861   1.0000
   GISD_2020 |   0.9832   0.9871   1.0000
GISD_2021_v2 |   0.9767   0.9642   0.9616   1.0000
   GISD_2022 |   0.9729   0.9574   0.9549   0.9990   1.0000


-----------------------------------------------------------------------------------------------------------------------------------------------------------------------------
-> Jahr = 2003
(obs=10,709)

             | GIS~2018 GIS~2019 GIS~2020 GISD_~v2 GIS~2022
-------------+---------------------------------------------
   GISD_2018 |   1.0000
   GISD_2019 |   0.9851   1.0000
   GISD_2020 |   0.9829   0.9886   1.0000
GISD_2021_v2 |   0.9770   0.9640   0.9613   1.0000
   GISD_2022 |   0.9735   0.9567   0.9541   0.9988   1.0000


-----------------------------------------------------------------------------------------------------------------------------------------------------------------------------
-> Jahr = 2004
(obs=10,709)

             | GIS~2018 GIS~2019 GIS~2020 GISD_~v2 GIS~2022
-------------+---------------------------------------------
   GISD_2018 |   1.0000
   GISD_2019 |   0.9832   1.0000
   GISD_2020 |   0.9824   0.9860   1.0000
GISD_2021_v2 |   0.9778   0.9575   0.9593   1.0000
   GISD_2022 |   0.9741   0.9497   0.9519   0.9989   1.0000


-----------------------------------------------------------------------------------------------------------------------------------------------------------------------------
-> Jahr = 2005
(obs=10,709)

             | GIS~2018 GIS~2019 GIS~2020 GISD_~v2 GIS~2022
-------------+---------------------------------------------
   GISD_2018 |   1.0000
   GISD_2019 |   0.9851   1.0000
   GISD_2020 |   0.9825   0.9889   1.0000
GISD_2021_v2 |   0.9790   0.9608   0.9572   1.0000
   GISD_2022 |   0.9757   0.9537   0.9502   0.9988   1.0000


-----------------------------------------------------------------------------------------------------------------------------------------------------------------------------
-> Jahr = 2006
(obs=10,709)

             | GIS~2018 GIS~2019 GIS~2020 GISD_~v2 GIS~2022
-------------+---------------------------------------------
   GISD_2018 |   1.0000
   GISD_2019 |   0.9849   1.0000
   GISD_2020 |   0.9818   0.9886   1.0000
GISD_2021_v2 |   0.9815   0.9599   0.9569   1.0000
   GISD_2022 |   0.9787   0.9531   0.9504   0.9987   1.0000


-----------------------------------------------------------------------------------------------------------------------------------------------------------------------------
-> Jahr = 2007
(obs=10,709)

             | GIS~2018 GIS~2019 GIS~2020 GISD_~v2 GIS~2022
-------------+---------------------------------------------
   GISD_2018 |   1.0000
   GISD_2019 |   0.9794   1.0000
   GISD_2020 |   0.9780   0.9856   1.0000
GISD_2021_v2 |   0.9815   0.9464   0.9491   1.0000
   GISD_2022 |   0.9793   0.9401   0.9435   0.9984   1.0000


-----------------------------------------------------------------------------------------------------------------------------------------------------------------------------
-> Jahr = 2008
(obs=10,709)

             | GIS~2018 GIS~2019 GIS~2020 GISD_~v2 GIS~2022
-------------+---------------------------------------------
   GISD_2018 |   1.0000
   GISD_2019 |   0.9604   1.0000
   GISD_2020 |   0.9752   0.9768   1.0000
GISD_2021_v2 |   0.9824   0.9108   0.9434   1.0000
   GISD_2022 |   0.9802   0.9047   0.9382   0.9979   1.0000


-----------------------------------------------------------------------------------------------------------------------------------------------------------------------------
-> Jahr = 2009
(obs=10,709)

             | GIS~2018 GIS~2019 GIS~2020 GISD_~v2 GIS~2022
-------------+---------------------------------------------
   GISD_2018 |   1.0000
   GISD_2019 |   0.9589   1.0000
   GISD_2020 |   0.9711   0.9766   1.0000
GISD_2021_v2 |   0.9846   0.9157   0.9400   1.0000
   GISD_2022 |   0.9828   0.9112   0.9357   0.9974   1.0000


-----------------------------------------------------------------------------------------------------------------------------------------------------------------------------
-> Jahr = 2010
(obs=10,709)

             | GIS~2018 GIS~2019 GIS~2020 GISD_~v2 GIS~2022
-------------+---------------------------------------------
   GISD_2018 |   1.0000
   GISD_2019 |   0.9682   1.0000
   GISD_2020 |   0.9688   0.9798   1.0000
GISD_2021_v2 |   0.9873   0.9377   0.9395   1.0000
   GISD_2022 |   0.9846   0.9312   0.9346   0.9974   1.0000


-----------------------------------------------------------------------------------------------------------------------------------------------------------------------------
-> Jahr = 2011
(obs=10,709)

             | GIS~2018 GIS~2019 GIS~2020 GISD_~v2 GIS~2022
-------------+---------------------------------------------
   GISD_2018 |   1.0000
   GISD_2019 |   0.9766   1.0000
   GISD_2020 |   0.9687   0.9747   1.0000
GISD_2021_v2 |   0.9898   0.9558   0.9447   1.0000
   GISD_2022 |   0.9879   0.9522   0.9416   0.9974   1.0000


-----------------------------------------------------------------------------------------------------------------------------------------------------------------------------
-> Jahr = 2012
(obs=10,709)

             | GIS~2018 GIS~2019 GIS~2020 GISD_~v2 GIS~2022
-------------+---------------------------------------------
   GISD_2018 |   1.0000
   GISD_2019 |   0.9705   1.0000
   GISD_2020 |   0.9567   0.9756   1.0000
GISD_2021_v2 |   0.9857   0.9339   0.9244   1.0000
   GISD_2022 |   0.9794   0.9205   0.9135   0.9959   1.0000


-----------------------------------------------------------------------------------------------------------------------------------------------------------------------------
-> Jahr = 2013
(obs=10,709)

             | GIS~2018 GIS~2019 GIS~2020 GISD_~v2 GIS~2022
-------------+---------------------------------------------
   GISD_2018 |   1.0000
   GISD_2019 |   0.9746   1.0000
   GISD_2020 |   0.9533   0.9716   1.0000
GISD_2021_v2 |   0.9858   0.9488   0.9231   1.0000
   GISD_2022 |   0.9801   0.9356   0.9173   0.9951   1.0000


-----------------------------------------------------------------------------------------------------------------------------------------------------------------------------
-> Jahr = 2014
(obs=10,709)

             | GIS~2018 GIS~2019 GIS~2020 GISD_~v2 GIS~2022
-------------+---------------------------------------------
   GISD_2018 |   1.0000
   GISD_2019 |   0.9666   1.0000
   GISD_2020 |   0.9298   0.9720   1.0000
GISD_2021_v2 |   0.9870   0.9542   0.9229   1.0000
   GISD_2022 |   0.9697   0.9436   0.9253   0.9921   1.0000


-----------------------------------------------------------------------------------------------------------------------------------------------------------------------------
-> Jahr = 2015
no observations

-----------------------------------------------------------------------------------------------------------------------------------------------------------------------------
-> Jahr = 2016
no observations

-----------------------------------------------------------------------------------------------------------------------------------------------------------------------------
-> Jahr = 2017
no observations

-----------------------------------------------------------------------------------------------------------------------------------------------------------------------------
-> Jahr = 2018
no observations

-----------------------------------------------------------------------------------------------------------------------------------------------------------------------------
-> Jahr = 2019
no observations


. log close
      name:  <unnamed>
       log:  C:\git_projects\GISD\Korrelation_Ausgangsdaten\GISD.log
  log type:  text
 closed on:  25 Feb 2022, 13:19:06
-----------------------------------------------------------------------------------------------------------------------------------------------------------------------------
